0 info it worked if it ends with ok
1 verbose cli [ '/usr/local/Cellar/iojs/2.5.0/bin/iojs',
1 verbose cli   '/usr/local/bin/npm',
1 verbose cli   'install',
1 verbose cli   'react-scroll' ]
2 info using npm@2.12.1
3 info using node@v2.5.0
4 verbose install initial load of /Users/sabir/Documents/GitHub/EnglishPatientOrg/EnglishPatient/package.json
5 verbose installManyTop reading scoped package data from /Users/sabir/Documents/GitHub/EnglishPatientOrg/EnglishPatient/node_modules/babelify/package.json
6 verbose installManyTop reading scoped package data from /Users/sabir/Documents/GitHub/EnglishPatientOrg/EnglishPatient/node_modules/browserify/package.json
7 verbose installManyTop reading scoped package data from /Users/sabir/Documents/GitHub/EnglishPatientOrg/EnglishPatient/node_modules/classnames/package.json
8 verbose installManyTop reading scoped package data from /Users/sabir/Documents/GitHub/EnglishPatientOrg/EnglishPatient/node_modules/flux/package.json
9 verbose installManyTop reading scoped package data from /Users/sabir/Documents/GitHub/EnglishPatientOrg/EnglishPatient/node_modules/fluxxor/package.json
10 verbose installManyTop reading scoped package data from /Users/sabir/Documents/GitHub/EnglishPatientOrg/EnglishPatient/node_modules/gulp/package.json
11 verbose installManyTop reading scoped package data from /Users/sabir/Documents/GitHub/EnglishPatientOrg/EnglishPatient/node_modules/gulp-browserify/package.json
12 verbose installManyTop reading scoped package data from /Users/sabir/Documents/GitHub/EnglishPatientOrg/EnglishPatient/node_modules/gulp-jsx/package.json
13 verbose installManyTop reading scoped package data from /Users/sabir/Documents/GitHub/EnglishPatientOrg/EnglishPatient/node_modules/gulp-uglify/package.json
14 verbose installManyTop reading scoped package data from /Users/sabir/Documents/GitHub/EnglishPatientOrg/EnglishPatient/node_modules/history/package.json
15 verbose installManyTop reading scoped package data from /Users/sabir/Documents/GitHub/EnglishPatientOrg/EnglishPatient/node_modules/jquery/package.json
16 verbose installManyTop reading scoped package data from /Users/sabir/Documents/GitHub/EnglishPatientOrg/EnglishPatient/node_modules/legit-image/package.json
17 verbose installManyTop reading scoped package data from /Users/sabir/Documents/GitHub/EnglishPatientOrg/EnglishPatient/node_modules/moment/package.json
18 verbose installManyTop reading scoped package data from /Users/sabir/Documents/GitHub/EnglishPatientOrg/EnglishPatient/node_modules/object-assign/package.json
19 verbose installManyTop reading scoped package data from /Users/sabir/Documents/GitHub/EnglishPatientOrg/EnglishPatient/node_modules/parse/package.json
20 verbose installManyTop reading scoped package data from /Users/sabir/Documents/GitHub/EnglishPatientOrg/EnglishPatient/node_modules/promise/package.json
21 verbose installManyTop reading scoped package data from /Users/sabir/Documents/GitHub/EnglishPatientOrg/EnglishPatient/node_modules/quill/package.json
22 verbose installManyTop reading scoped package data from /Users/sabir/Documents/GitHub/EnglishPatientOrg/EnglishPatient/node_modules/react/package.json
23 verbose installManyTop reading scoped package data from /Users/sabir/Documents/GitHub/EnglishPatientOrg/EnglishPatient/node_modules/react-addons/package.json
24 verbose installManyTop reading scoped package data from /Users/sabir/Documents/GitHub/EnglishPatientOrg/EnglishPatient/node_modules/react-addons-linked-state-mixin/package.json
25 verbose installManyTop reading scoped package data from /Users/sabir/Documents/GitHub/EnglishPatientOrg/EnglishPatient/node_modules/react-addons-pure-render-mixin/package.json
26 verbose installManyTop reading scoped package data from /Users/sabir/Documents/GitHub/EnglishPatientOrg/EnglishPatient/node_modules/react-card/package.json
27 verbose installManyTop reading scoped package data from /Users/sabir/Documents/GitHub/EnglishPatientOrg/EnglishPatient/node_modules/react-credit-card/package.json
28 verbose installManyTop reading scoped package data from /Users/sabir/Documents/GitHub/EnglishPatientOrg/EnglishPatient/node_modules/react-diff/package.json
29 verbose installManyTop reading scoped package data from /Users/sabir/Documents/GitHub/EnglishPatientOrg/EnglishPatient/node_modules/react-dom/package.json
30 verbose installManyTop reading scoped package data from /Users/sabir/Documents/GitHub/EnglishPatientOrg/EnglishPatient/node_modules/react-dropzone-component/package.json
31 verbose installManyTop reading scoped package data from /Users/sabir/Documents/GitHub/EnglishPatientOrg/EnglishPatient/node_modules/react-nested-router/package.json
32 verbose installManyTop reading scoped package data from /Users/sabir/Documents/GitHub/EnglishPatientOrg/EnglishPatient/node_modules/react-onclickoutside/package.json
33 verbose installManyTop reading scoped package data from /Users/sabir/Documents/GitHub/EnglishPatientOrg/EnglishPatient/node_modules/react-player/package.json
34 verbose installManyTop reading scoped package data from /Users/sabir/Documents/GitHub/EnglishPatientOrg/EnglishPatient/node_modules/react-popover/package.json
35 verbose installManyTop reading scoped package data from /Users/sabir/Documents/GitHub/EnglishPatientOrg/EnglishPatient/node_modules/react-quill/package.json
36 verbose installManyTop reading scoped package data from /Users/sabir/Documents/GitHub/EnglishPatientOrg/EnglishPatient/node_modules/react-quill-editor/package.json
37 verbose installManyTop reading scoped package data from /Users/sabir/Documents/GitHub/EnglishPatientOrg/EnglishPatient/node_modules/react-router/package.json
38 verbose installManyTop reading scoped package data from /Users/sabir/Documents/GitHub/EnglishPatientOrg/EnglishPatient/node_modules/react-router-component/package.json
39 verbose installManyTop reading scoped package data from /Users/sabir/Documents/GitHub/EnglishPatientOrg/EnglishPatient/node_modules/react-scroll/package.json
40 verbose installManyTop reading scoped package data from /Users/sabir/Documents/GitHub/EnglishPatientOrg/EnglishPatient/node_modules/react-select/package.json
41 verbose installManyTop reading scoped package data from /Users/sabir/Documents/GitHub/EnglishPatientOrg/EnglishPatient/node_modules/react-select-box/package.json
42 verbose installManyTop reading scoped package data from /Users/sabir/Documents/GitHub/EnglishPatientOrg/EnglishPatient/node_modules/react-sound/package.json
43 verbose installManyTop reading scoped package data from /Users/sabir/Documents/GitHub/EnglishPatientOrg/EnglishPatient/node_modules/react-speech/package.json
44 verbose installManyTop reading scoped package data from /Users/sabir/Documents/GitHub/EnglishPatientOrg/EnglishPatient/node_modules/react-tabs/package.json
45 verbose installManyTop reading scoped package data from /Users/sabir/Documents/GitHub/EnglishPatientOrg/EnglishPatient/node_modules/react-tagsinput/package.json
46 verbose installManyTop reading scoped package data from /Users/sabir/Documents/GitHub/EnglishPatientOrg/EnglishPatient/node_modules/react-tooltip/package.json
47 verbose installManyTop reading scoped package data from /Users/sabir/Documents/GitHub/EnglishPatientOrg/EnglishPatient/node_modules/react-vimeo/package.json
48 verbose installManyTop reading scoped package data from /Users/sabir/Documents/GitHub/EnglishPatientOrg/EnglishPatient/node_modules/reactify/package.json
49 verbose installManyTop reading scoped package data from /Users/sabir/Documents/GitHub/EnglishPatientOrg/EnglishPatient/node_modules/recordrtc/package.json
50 verbose installManyTop reading scoped package data from /Users/sabir/Documents/GitHub/EnglishPatientOrg/EnglishPatient/node_modules/soundmanager2/package.json
51 verbose installManyTop reading scoped package data from /Users/sabir/Documents/GitHub/EnglishPatientOrg/EnglishPatient/node_modules/sweetalert-react/package.json
52 verbose installManyTop reading scoped package data from /Users/sabir/Documents/GitHub/EnglishPatientOrg/EnglishPatient/node_modules/tilting-image/package.json
53 verbose installManyTop reading scoped package data from /Users/sabir/Documents/GitHub/EnglishPatientOrg/EnglishPatient/node_modules/uglify-js/package.json
54 verbose installManyTop reading scoped package data from /Users/sabir/Documents/GitHub/EnglishPatientOrg/EnglishPatient/node_modules/vinyl-source-stream/package.json
55 info package.json jquery@2.1.4 No license field.
56 info package.json react-nested-router@0.3.6 No repository field.
57 info package.json react-nested-router@0.3.6 No license field.
58 info package.json react-sound@0.2.1 No repository field.
59 info package.json uglify-js@2.4.24 license should be a valid SPDX license expression
60 info package.json react-addons@0.9.0 No license field.
61 info package.json react-addons-linked-state-mixin@0.14.0 No repository field.
62 info package.json react-speech@0.2.11 No license field.
63 info package.json soundmanager2@2.97.20150601-a license should be a valid SPDX license expression
64 verbose readDependencies loading dependencies from /Users/sabir/Documents/GitHub/EnglishPatientOrg/EnglishPatient/package.json
65 verbose install react-scroll is installed as 0.30.0
66 silly cache add args [ 'react-scroll', null ]
67 verbose cache add spec react-scroll
68 silly cache add parsed spec { raw: 'react-scroll',
68 silly cache add   scope: null,
68 silly cache add   name: 'react-scroll',
68 silly cache add   rawSpec: '',
68 silly cache add   spec: '*',
68 silly cache add   type: 'range' }
69 silly addNamed react-scroll@*
70 verbose addNamed "*" is a valid semver range for react-scroll
71 silly addNameRange { name: 'react-scroll', range: '*', hasData: false }
72 silly mapToRegistry name react-scroll
73 silly mapToRegistry using default registry
74 silly mapToRegistry registry https://registry.npmjs.org/
75 silly mapToRegistry uri https://registry.npmjs.org/react-scroll
76 verbose addNameRange registry:https://registry.npmjs.org/react-scroll not in flight; fetching
77 verbose request uri https://registry.npmjs.org/react-scroll
78 verbose request no auth needed
79 info attempt registry request try #1 at 13:39:43
80 verbose request id 6d1df109ed11c4ca
81 verbose etag "4119DVMZBKAK56B7V5NGF94BV"
82 http request GET https://registry.npmjs.org/react-scroll
83 http 304 https://registry.npmjs.org/react-scroll
84 silly get cb [ 304,
84 silly get   { date: 'Sat, 28 Nov 2015 10:39:42 GMT',
84 silly get     via: '1.1 varnish',
84 silly get     'cache-control': 'max-age=60',
84 silly get     etag: '"4119DVMZBKAK56B7V5NGF94BV"',
84 silly get     age: '0',
84 silly get     connection: 'keep-alive',
84 silly get     'x-served-by': 'cache-ams4137-AMS',
84 silly get     'x-cache': 'HIT',
84 silly get     'x-cache-hits': '1',
84 silly get     'x-timer': 'S1448707182.764736,VS0,VE481',
84 silly get     vary: 'Accept' } ]
85 verbose etag https://registry.npmjs.org/react-scroll from cache
86 verbose get saving react-scroll to /Users/sabir/.npm/registry.npmjs.org/react-scroll/.cache.json
87 silly addNameRange number 2 { name: 'react-scroll', range: '*', hasData: true }
88 silly addNameRange versions [ 'react-scroll',
88 silly addNameRange   [ '0.0.1',
88 silly addNameRange     '0.1.0',
88 silly addNameRange     '0.2.0',
88 silly addNameRange     '0.3.0',
88 silly addNameRange     '0.4.0',
88 silly addNameRange     '0.5.0',
88 silly addNameRange     '0.6.0',
88 silly addNameRange     '0.7.0',
88 silly addNameRange     '0.8.0',
88 silly addNameRange     '0.9.0',
88 silly addNameRange     '0.10.0',
88 silly addNameRange     '0.11.0',
88 silly addNameRange     '0.12.0',
88 silly addNameRange     '0.13.0',
88 silly addNameRange     '0.14.0',
88 silly addNameRange     '0.15.0',
88 silly addNameRange     '0.16.0',
88 silly addNameRange     '0.17.0',
88 silly addNameRange     '0.18.0',
88 silly addNameRange     '0.19.0',
88 silly addNameRange     '0.20.0',
88 silly addNameRange     '0.21.0',
88 silly addNameRange     '0.22.0',
88 silly addNameRange     '0.23.0',
88 silly addNameRange     '0.26.0',
88 silly addNameRange     '0.27.0',
88 silly addNameRange     '0.28.0',
88 silly addNameRange     '0.29.0',
88 silly addNameRange     '0.30.0' ] ]
89 silly addNamed react-scroll@0.30.0
90 verbose addNamed "0.30.0" is a plain semver version for react-scroll
91 silly cache afterAdd react-scroll@0.30.0
92 verbose afterAdd /Users/sabir/.npm/react-scroll/0.30.0/package/package.json not in flight; writing
93 verbose afterAdd /Users/sabir/.npm/react-scroll/0.30.0/package/package.json written
94 silly install resolved [ { name: 'react-scroll',
94 silly install resolved     version: '0.30.0',
94 silly install resolved     description: 'A scroll component for React.js',
94 silly install resolved     main: 'lib',
94 silly install resolved     repository:
94 silly install resolved      { type: 'git',
94 silly install resolved        url: 'git+https://github.com/fisshy/react-scroll.git' },
94 silly install resolved     homepage: 'https://github.com/fisshy/react-scroll',
94 silly install resolved     bugs: { url: 'https://github.com/fisshy/react-scroll/issues' },
94 silly install resolved     authors: [ 'Joachim Karlsson' ],
94 silly install resolved     license: 'MIT',
94 silly install resolved     tags: [ 'react', 'scroll' ],
94 silly install resolved     keywords:
94 silly install resolved      [ 'react',
94 silly install resolved        'react-component',
94 silly install resolved        'scroll',
94 silly install resolved        'scroller',
94 silly install resolved        'scrolls',
94 silly install resolved        'scrolling  ' ],
94 silly install resolved     peerDependencies: { react: '>=0.13.0' },
94 silly install resolved     _id: 'react-scroll@0.30.0',
94 silly install resolved     scripts: {},
94 silly install resolved     _shasum: 'ccf6fd210e1688b50fcf39320ca8f48c04d1d79c',
94 silly install resolved     _from: 'react-scroll@*',
94 silly install resolved     _npmVersion: '2.14.2',
94 silly install resolved     _nodeVersion: '4.0.0',
94 silly install resolved     _npmUser: { name: 'fisshy', email: 'Jockkee_@hotmail.com' },
94 silly install resolved     dist:
94 silly install resolved      { shasum: 'ccf6fd210e1688b50fcf39320ca8f48c04d1d79c',
94 silly install resolved        tarball: 'http://registry.npmjs.org/react-scroll/-/react-scroll-0.30.0.tgz' },
94 silly install resolved     maintainers: [ [Object] ],
94 silly install resolved     directories: {},
94 silly install resolved     _resolved: 'https://registry.npmjs.org/react-scroll/-/react-scroll-0.30.0.tgz',
94 silly install resolved     readme: 'ERROR: No README data found!' } ]
95 info install react-scroll@0.30.0 into /Users/sabir/Documents/GitHub/EnglishPatientOrg/EnglishPatient
96 info installOne react-scroll@0.30.0
97 verbose installOne of react-scroll to /Users/sabir/Documents/GitHub/EnglishPatientOrg/EnglishPatient not in flight; installing
98 verbose lock using /Users/sabir/.npm/_locks/react-scroll-b2a5cb459c265831.lock for /Users/sabir/Documents/GitHub/EnglishPatientOrg/EnglishPatient/node_modules/react-scroll
99 silly install write writing react-scroll 0.30.0 to /Users/sabir/Documents/GitHub/EnglishPatientOrg/EnglishPatient/node_modules/react-scroll
100 verbose unbuild node_modules/react-scroll
101 info preuninstall react-scroll@0.30.0
102 info uninstall react-scroll@0.30.0
103 verbose unbuild rmStuff react-scroll@0.30.0 from /Users/sabir/Documents/GitHub/EnglishPatientOrg/EnglishPatient/node_modules
104 info postuninstall react-scroll@0.30.0
105 silly gentlyRm /Users/sabir/Documents/GitHub/EnglishPatientOrg/EnglishPatient/node_modules/react-scroll is being purged from base /Users/sabir/Documents/GitHub/EnglishPatientOrg/EnglishPatient
106 verbose gentlyRm don't care about contents; nuking /Users/sabir/Documents/GitHub/EnglishPatientOrg/EnglishPatient/node_modules/react-scroll
107 silly vacuum-fs purging /Users/sabir/Documents/GitHub/EnglishPatientOrg/EnglishPatient/node_modules/react-scroll
108 silly vacuum-fs quitting because other entries in /Users/sabir/Documents/GitHub/EnglishPatientOrg/EnglishPatient/node_modules
109 verbose tar unpack /Users/sabir/.npm/react-scroll/0.30.0/package.tgz
110 verbose tar unpacking to /Users/sabir/Documents/GitHub/EnglishPatientOrg/EnglishPatient/node_modules/react-scroll
111 silly gentlyRm /Users/sabir/Documents/GitHub/EnglishPatientOrg/EnglishPatient/node_modules/react-scroll is being purged
112 verbose gentlyRm don't care about contents; nuking /Users/sabir/Documents/GitHub/EnglishPatientOrg/EnglishPatient/node_modules/react-scroll
113 silly gunzTarPerm modes [ '755', '644' ]
114 silly gunzTarPerm extractEntry package.json
115 silly gunzTarPerm extractEntry README.md
116 silly gunzTarPerm extractEntry lib/index.js
117 silly gunzTarPerm extractEntry lib/components/Button.js
118 silly gunzTarPerm extractEntry lib/components/Element.js
119 silly gunzTarPerm extractEntry lib/components/Link.js
120 silly gunzTarPerm extractEntry lib/mixins/Helpers.js
121 silly gunzTarPerm extractEntry lib/mixins/animate-scroll.js
122 silly gunzTarPerm extractEntry lib/mixins/cancel-events.js
123 silly gunzTarPerm extractEntry lib/mixins/scroll-spy.js
124 silly gunzTarPerm extractEntry lib/mixins/scroller.js
125 silly gunzTarPerm extractEntry lib/mixins/smooth.js
126 verbose write writing to /Users/sabir/Documents/GitHub/EnglishPatientOrg/EnglishPatient/node_modules/react-scroll/package.json
127 info preinstall react-scroll@0.30.0
128 verbose readDependencies loading dependencies from /Users/sabir/Documents/GitHub/EnglishPatientOrg/EnglishPatient/node_modules/react-scroll/package.json
129 verbose readDependencies loading dependencies from /Users/sabir/Documents/GitHub/EnglishPatientOrg/EnglishPatient/node_modules/react-scroll/package.json
130 silly install resolved []
131 verbose about to build /Users/sabir/Documents/GitHub/EnglishPatientOrg/EnglishPatient/node_modules/react-scroll
132 info build /Users/sabir/Documents/GitHub/EnglishPatientOrg/EnglishPatient/node_modules/react-scroll
133 info linkStuff react-scroll@0.30.0
134 silly linkStuff react-scroll@0.30.0 has /Users/sabir/Documents/GitHub/EnglishPatientOrg/EnglishPatient/node_modules as its parent node_modules
135 verbose linkBins react-scroll@0.30.0
136 verbose linkMans react-scroll@0.30.0
137 verbose rebuildBundles react-scroll@0.30.0
138 info install react-scroll@0.30.0
139 info postinstall react-scroll@0.30.0
140 verbose unlock done using /Users/sabir/.npm/_locks/react-scroll-b2a5cb459c265831.lock for /Users/sabir/Documents/GitHub/EnglishPatientOrg/EnglishPatient/node_modules/react-scroll
141 verbose validateInstall loading /Users/sabir/Documents/GitHub/EnglishPatientOrg/EnglishPatient/package.json for validation
142 warn unmet dependency /Users/sabir/Documents/GitHub/EnglishPatientOrg/EnglishPatient/node_modules/legit-image requires react@'^0.13.3' but will load
142 warn unmet dependency /Users/sabir/Documents/GitHub/EnglishPatientOrg/EnglishPatient/node_modules/react,
142 warn unmet dependency which is version 0.14.0
143 warn unmet dependency /Users/sabir/Documents/GitHub/EnglishPatientOrg/EnglishPatient/node_modules/react-quill-editor requires quill@'^0.19.10' but will load
143 warn unmet dependency /Users/sabir/Documents/GitHub/EnglishPatientOrg/EnglishPatient/node_modules/quill,
143 warn unmet dependency which is version 0.20.0
144 warn unmet dependency /Users/sabir/Documents/GitHub/EnglishPatientOrg/EnglishPatient/node_modules/react-quill-editor requires classnames@'^1.2.0' but will load
144 warn unmet dependency /Users/sabir/Documents/GitHub/EnglishPatientOrg/EnglishPatient/node_modules/classnames,
144 warn unmet dependency which is version 2.2.0
145 warn unmet dependency /Users/sabir/Documents/GitHub/EnglishPatientOrg/EnglishPatient/node_modules/react-quill-editor requires react@'^0.13.0' but will load
145 warn unmet dependency /Users/sabir/Documents/GitHub/EnglishPatientOrg/EnglishPatient/node_modules/react,
145 warn unmet dependency which is version 0.14.0
146 warn unmet dependency /Users/sabir/Documents/GitHub/EnglishPatientOrg/EnglishPatient/node_modules/tilting-image requires react@'^0.13.3' but will load
146 warn unmet dependency /Users/sabir/Documents/GitHub/EnglishPatientOrg/EnglishPatient/node_modules/react,
146 warn unmet dependency which is version 0.14.0
147 verbose stack Error: The package react does not satisfy its siblings' peerDependencies requirements!
147 verbose stack     at /usr/local/lib/node_modules/npm/lib/install.js:125:32
147 verbose stack     at /usr/local/lib/node_modules/npm/lib/install.js:267:7
147 verbose stack     at /usr/local/lib/node_modules/npm/node_modules/read-installed/read-installed.js:142:5
147 verbose stack     at /usr/local/lib/node_modules/npm/node_modules/read-installed/read-installed.js:263:14
147 verbose stack     at cb (/usr/local/lib/node_modules/npm/node_modules/slide/lib/async-map.js:47:24)
147 verbose stack     at /usr/local/lib/node_modules/npm/node_modules/read-installed/read-installed.js:263:14
147 verbose stack     at cb (/usr/local/lib/node_modules/npm/node_modules/slide/lib/async-map.js:47:24)
147 verbose stack     at /usr/local/lib/node_modules/npm/node_modules/read-installed/read-installed.js:263:14
147 verbose stack     at cb (/usr/local/lib/node_modules/npm/node_modules/slide/lib/async-map.js:47:24)
147 verbose stack     at /usr/local/lib/node_modules/npm/node_modules/read-installed/read-installed.js:263:14
148 verbose cwd /Users/sabir/Documents/GitHub/EnglishPatientOrg/EnglishPatient
149 error Darwin 15.0.0
150 error argv "/usr/local/Cellar/iojs/2.5.0/bin/iojs" "/usr/local/bin/npm" "install" "react-scroll"
151 error node v2.5.0
152 error npm  v2.12.1
153 error code EPEERINVALID
154 error peerinvalid The package react does not satisfy its siblings' peerDependencies requirements!
155 verbose exit [ 1, true ]
